<html>
<body>
<pre>
<h1>Vision Build Log</h1>
<h2>Project:</h2>
D:\Sophomore\微处理器原理\单片机实验\shiyan4.9\shiyan4.9.uvproj
Project File Date:  06/17/2021

<h2>Output:</h2>
Build target 'Target 1'
compiling main.c...
linking...
Program Size: data=15.0 xdata=0 code=354
"shiyan4.9" - 0 Error(s), 0 Warning(s).
Build target 'Target 1'
compiling main.c...
MAIN.C(15): error C141: syntax error near 'void'
MAIN.C(16): error C141: syntax error near '{'
MAIN.C(18): error C141: syntax error near 'while'
MAIN.C(18): error C141: syntax error near '--', expected ')'
MAIN.C(19): error C141: syntax error near '=', expected ')'
MAIN.C(19): error C129: missing ';' before '>'
Target not created
Build target 'Target 1'
compiling main.c...
MAIN.C(15): error C141: syntax error near 'void'
MAIN.C(16): error C141: syntax error near '{'
MAIN.C(18): error C141: syntax error near 'while'
MAIN.C(18): error C141: syntax error near '--', expected ')'
MAIN.C(19): error C141: syntax error near '=', expected ')'
MAIN.C(19): error C129: missing ';' before '>'
Target not created
compiling main.c...
main.c - 0 Error(s), 0 Warning(s).
Build target 'Target 1'
linking...
Program Size: data=15.0 xdata=0 code=369
"shiyan4.9" - 0 Error(s), 0 Warning(s).
